<?xml version="1.0" encoding="UTF-8"?>
<!-- Generated by org.testng.reporters.JUnitReportReporter -->
<testsuite skipped="0" hostname="LAPTOP-QNPV151A" name="com.jbk.TestNaukriWeb" tests="1" failures="0" timestamp="16 Feb 2022 05:10:35 GMT" time="10.741" errors="0">
  <testcase name="f" time="10.741" classname="com.jbk.TestNaukriWeb"/>
</testsuite> <!-- com.jbk.TestNaukriWeb -->
