<?xml version="1.0" encoding="UTF-8"?>
<!-- Generated by org.testng.reporters.JUnitReportReporter -->
<testsuite skipped="0" hostname="LAPTOP-QNPV151A" name="com.jbk.IntigratingExcelSheet" tests="3" failures="0" timestamp="11 Feb 2022 17:50:19 GMT" time="13.725" errors="0">
  <testcase name="f" time="2.866" classname="com.jbk.IntigratingExcelSheet"/>
  <testcase name="f" time="2.610" classname="com.jbk.IntigratingExcelSheet"/>
  <testcase name="f" time="8.249" classname="com.jbk.IntigratingExcelSheet"/>
</testsuite> <!-- com.jbk.IntigratingExcelSheet -->
