<?xml version="1.0" encoding="UTF-8"?>
<!-- Generated by org.testng.reporters.JUnitReportReporter -->
<testsuite skipped="0" hostname="LAPTOP-QNPV151A" name="com.jbk.NewTest" tests="4" failures="0" timestamp="29 Jan 2022 11:00:09 GMT" time="7.021" errors="0">
  <testcase name="checkDashboard" time="3.232" classname="com.jbk.NewTest"/>
  <testcase name="userList" time="1.592" classname="com.jbk.NewTest"/>
  <testcase name="useronline" time="1.078" classname="com.jbk.NewTest"/>
  <testcase name="zz11" time="1.119" classname="com.jbk.NewTest"/>
</testsuite> <!-- com.jbk.NewTest -->
