<?xml version="1.0" encoding="UTF-8"?>
<!-- Generated by org.testng.reporters.JUnitReportReporter -->
<testsuite skipped="0" hostname="LAPTOP-QNPV151A" name="com.jbk.Extra" tests="1" failures="0" timestamp="08 Feb 2022 10:42:36 GMT" time="14.953" errors="0">
  <testcase name="addUser" time="14.953" classname="com.jbk.Extra"/>
</testsuite> <!-- com.jbk.Extra -->
