<?xml version="1.0" encoding="UTF-8"?>
<!-- Generated by org.testng.reporters.JUnitReportReporter -->
<testsuite skipped="0" hostname="LAPTOP-QNPV151A" name="com.jbk.TstCasePropertisfileEx" tests="1" failures="0" timestamp="08 Feb 2022 05:48:28 GMT" time="2.861" errors="0">
  <testcase name="LogInPage" time="2.861" classname="com.jbk.TstCasePropertisfileEx"/>
</testsuite> <!-- com.jbk.TstCasePropertisfileEx -->
