<?xml version="1.0" encoding="UTF-8"?>
<!-- Generated by org.testng.reporters.JUnitReportReporter -->
<testsuite skipped="0" hostname="LAPTOP-QNPV151A" name="com.jbk.TestCases25" tests="12" failures="0" timestamp="03 Feb 2022 15:46:24 GMT" time="94.638" errors="0">
  <testcase name="openSelStandlomePage" time="7.493" classname="com.jbk.TestCases25"/>
  <testcase name="checkDataScienceOpt" time="5.778" classname="com.jbk.TestCases25"/>
  <testcase name="deleteUserKimaya" time="6.030" classname="com.jbk.TestCases25"/>
  <testcase name="openOraclePage" time="18.717" classname="com.jbk.TestCases25"/>
  <testcase name="LoginCorrectCredi" time="6.992" classname="com.jbk.TestCases25"/>
  <testcase name="addUser" time="11.535" classname="com.jbk.TestCases25"/>
  <testcase name="checkAddUserBttn" time="5.471" classname="com.jbk.TestCases25"/>
  <testcase name="checkWebDevOpt" time="6.318" classname="com.jbk.TestCases25"/>
  <testcase name="deleteUserSagar" time="6.354" classname="com.jbk.TestCases25"/>
  <testcase name="deleteDefualtUser" time="6.689" classname="com.jbk.TestCases25"/>
  <testcase name="checkSoftwareDevOpt" time="6.816" classname="com.jbk.TestCases25"/>
  <testcase name="deleteUserMonica" time="6.445" classname="com.jbk.TestCases25"/>
</testsuite> <!-- com.jbk.TestCases25 -->
